<?xml version="1.0" encoding="utf-8" standalone="no"?>
<!--This file represents the results of running a test suite-->
<test-results name="C:\Users\Nrsh\Documents\Visual Studio 2012\Projects\TestNUnitWeb\ClassLibrary1.Test\bin\Debug\TestNUnitWeb_test.Test.dll" total="2" errors="0" failures="1" not-run="0" inconclusive="0" ignored="0" skipped="0" invalid="0" date="2013-05-21" time="12:42:39">
  <environment nunit-version="2.6.2.12296" clr-version="2.0.50727.5420" os-version="Microsoft Windows NT 6.1.7601 Service Pack 1" platform="Win32NT" cwd="C:\Program Files (x86)\NUnit 2.6.2\bin" machine-name="SCORPION" user="Nrsh" user-domain="SCORPION" />
  <culture-info current-culture="en-US" current-uiculture="en-US" />
  <test-suite type="Assembly" name="C:\Users\Nrsh\Documents\Visual Studio 2012\Projects\TestNUnitWeb\ClassLibrary1.Test\bin\Debug\TestNUnitWeb_test.Test.dll" executed="True" result="Failure" success="False" time="0.009" asserts="0">
    <results>
      <test-suite type="Namespace" name="TestNUnitWeb_test" executed="True" result="Failure" success="False" time="0.008" asserts="0">
        <results>
          <test-suite type="Namespace" name="Test" executed="True" result="Failure" success="False" time="0.008" asserts="0">
            <results>
              <test-suite type="TestFixture" name="Class1" executed="True" result="Failure" success="False" time="0.008" asserts="0">
                <results>
                  <test-suite type="ParameterizedTest" name="AddTestCorrect" executed="True" result="Success" success="True" time="0.001" asserts="0">
                    <results>
                      <test-case name="TestNUnitWeb_test.Test.Class1.AddTestCorrect()" executed="True" result="Success" success="True" time="0.000" asserts="1" />
                    </results>
                  </test-suite>
                  <test-suite type="ParameterizedTest" name="AddTestIncorrect" executed="True" result="Failure" success="False" time="0.002" asserts="0">
                    <results>
                      <test-case name="TestNUnitWeb_test.Test.Class1.AddTestIncorrect()" executed="True" result="Failure" success="False" time="0.001" asserts="1">
                        <failure>
                          <message><![CDATA[  Expected: 40
  But was:  30
]]></message>
                          <stack-trace><![CDATA[at TestNUnitWeb_test.Test.Class1.AddTestIncorrect() in c:\Users\Nrsh\Documents\Visual Studio 2012\Projects\TestNUnitWeb\ClassLibrary1.Test\Class1.cs:line 29
]]></stack-trace>
                        </failure>
                      </test-case>
                    </results>
                  </test-suite>
                </results>
              </test-suite>
            </results>
          </test-suite>
        </results>
      </test-suite>
    </results>
  </test-suite>
</test-results>